0 silly argv {
0 silly argv   _: [ 'run' ],
0 silly argv   stream: true,
0 silly argv   lernaVersion: '5.4.0',
0 silly argv   '$0': 'node_modules\\lerna\\cli.js',
0 silly argv   script: 'start'
0 silly argv }
1 notice cli v5.4.0
2 verbose rootPath D:\Purwadhika\Mini Project 3\group1
3 error JSONError: Unexpected token "<" (0x3C) in JSON at position 458 while parsing near "...press\": \"^4.18.1\",\r\n<<<<<<< Updated upst..." in projects\server\package.json
3 error
3 error [0m [90m 19 |[39m     [32m"dotenv"[39m[33m:[39m [32m"^16.0.1"[39m[33m,[39m[0m
3 error [0m [90m 20 |[39m     [32m"express"[39m[33m:[39m [32m"^4.18.1"[39m[33m,[39m[0m
3 error [0m[31m[1m>[22m[39m[90m 21 |[39m [33m<<[39m[33m<<[39m[33m<<[39m[33m<[39m [33mUpdated[39m upstream[0m
3 error [0m [90m    |[39m [31m[1m^[22m[39m[0m
3 error [0m [90m 22 |[39m     [32m"mysql2"[39m[33m:[39m [32m"^3.5.2"[39m[33m,[39m[0m
3 error [0m [90m 23 |[39m [33m===[39m[33m===[39m[33m=[39m[0m
3 error [0m [90m 24 |[39m     [32m"express-validator"[39m[33m:[39m [32m"^7.0.1"[39m[33m,[39m[0m
3 error
3 error     at parseJson (D:\Purwadhika\Mini Project 3\group1\node_modules\parse-json\index.js:29:21)
3 error     at parse (D:\Purwadhika\Mini Project 3\group1\node_modules\load-json-file\index.js:15:9)
3 error     at module.exports (D:\Purwadhika\Mini Project 3\group1\node_modules\load-json-file\index.js:18:47)
